C:\CartBackend4.6.0\CartApplication.Web\dist\out-tsc\app\app.component.js
C:\CartBackend4.6.0\CartApplication.Web\dist\out-tsc\app\app.component.js.map
C:\CartBackend4.6.0\CartApplication.Web\dist\out-tsc\app\carousel\carousellist.js
C:\CartBackend4.6.0\CartApplication.Web\dist\out-tsc\app\carousel\carousellist.js.map
C:\CartBackend4.6.0\CartApplication.Web\dist\out-tsc\app\carousel\carousel.component.js
C:\CartBackend4.6.0\CartApplication.Web\dist\out-tsc\app\carousel\carousel.component.js.map
C:\CartBackend4.6.0\CartApplication.Web\dist\out-tsc\app\faviorite\faviorite.component.js
C:\CartBackend4.6.0\CartApplication.Web\dist\out-tsc\app\faviorite\faviorite.component.js.map
C:\CartBackend4.6.0\CartApplication.Web\dist\out-tsc\app\header\headerTabs.js
C:\CartBackend4.6.0\CartApplication.Web\dist\out-tsc\app\header\headerTabs.js.map
C:\CartBackend4.6.0\CartApplication.Web\dist\out-tsc\shared-services\behaviourSubject.js
C:\CartBackend4.6.0\CartApplication.Web\dist\out-tsc\shared-services\behaviourSubject.js.map
C:\CartBackend4.6.0\CartApplication.Web\dist\out-tsc\app\header\header.component.js
C:\CartBackend4.6.0\CartApplication.Web\dist\out-tsc\app\header\header.component.js.map
C:\CartBackend4.6.0\CartApplication.Web\dist\out-tsc\app\home\home.component.js
C:\CartBackend4.6.0\CartApplication.Web\dist\out-tsc\app\home\home.component.js.map
C:\CartBackend4.6.0\CartApplication.Web\dist\out-tsc\app\appservice.js
C:\CartBackend4.6.0\CartApplication.Web\dist\out-tsc\app\appservice.js.map
C:\CartBackend4.6.0\CartApplication.Web\dist\out-tsc\app\urls.js
C:\CartBackend4.6.0\CartApplication.Web\dist\out-tsc\app\urls.js.map
C:\CartBackend4.6.0\CartApplication.Web\dist\out-tsc\app\products\products.component.js
C:\CartBackend4.6.0\CartApplication.Web\dist\out-tsc\app\products\products.component.js.map
C:\CartBackend4.6.0\CartApplication.Web\dist\out-tsc\app\allproducts\allproducts.component.js
C:\CartBackend4.6.0\CartApplication.Web\dist\out-tsc\app\allproducts\allproducts.component.js.map
C:\CartBackend4.6.0\CartApplication.Web\dist\out-tsc\app\order\order.component.js
C:\CartBackend4.6.0\CartApplication.Web\dist\out-tsc\app\order\order.component.js.map
C:\CartBackend4.6.0\CartApplication.Web\dist\out-tsc\app\orderlis\orderlis.component.js
C:\CartBackend4.6.0\CartApplication.Web\dist\out-tsc\app\orderlis\orderlis.component.js.map
C:\CartBackend4.6.0\CartApplication.Web\dist\out-tsc\app\productinfo\productinfo.component.js
C:\CartBackend4.6.0\CartApplication.Web\dist\out-tsc\app\productinfo\productinfo.component.js.map
C:\CartBackend4.6.0\CartApplication.Web\dist\out-tsc\app\listcomponent\listcomponent.component.js
C:\CartBackend4.6.0\CartApplication.Web\dist\out-tsc\app\listcomponent\listcomponent.component.js.map
C:\CartBackend4.6.0\CartApplication.Web\dist\out-tsc\app\config.route.js
C:\CartBackend4.6.0\CartApplication.Web\dist\out-tsc\app\config.route.js.map
C:\CartBackend4.6.0\CartApplication.Web\dist\out-tsc\app\app-routing.module.js
C:\CartBackend4.6.0\CartApplication.Web\dist\out-tsc\app\app-routing.module.js.map
C:\CartBackend4.6.0\CartApplication.Web\dist\out-tsc\app\addtocart\addtocart.component.js
C:\CartBackend4.6.0\CartApplication.Web\dist\out-tsc\app\addtocart\addtocart.component.js.map
C:\CartBackend4.6.0\CartApplication.Web\dist\out-tsc\app\womensproduct\womensproduct.component.js
C:\CartBackend4.6.0\CartApplication.Web\dist\out-tsc\app\womensproduct\womensproduct.component.js.map
C:\CartBackend4.6.0\CartApplication.Web\dist\out-tsc\app\jewleary\jewleary.component.js
C:\CartBackend4.6.0\CartApplication.Web\dist\out-tsc\app\jewleary\jewleary.component.js.map
C:\CartBackend4.6.0\CartApplication.Web\dist\out-tsc\app\cheppales\cheppales.component.js
C:\CartBackend4.6.0\CartApplication.Web\dist\out-tsc\app\cheppales\cheppales.component.js.map
C:\CartBackend4.6.0\CartApplication.Web\dist\out-tsc\app\logipage\logipage.component.js
C:\CartBackend4.6.0\CartApplication.Web\dist\out-tsc\app\logipage\logipage.component.js.map
C:\CartBackend4.6.0\CartApplication.Web\dist\out-tsc\app\data.js
C:\CartBackend4.6.0\CartApplication.Web\dist\out-tsc\app\data.js.map
C:\CartBackend4.6.0\CartApplication.Web\dist\out-tsc\app\filtetemplate\filtetemplate.component.js
C:\CartBackend4.6.0\CartApplication.Web\dist\out-tsc\app\filtetemplate\filtetemplate.component.js.map
C:\CartBackend4.6.0\CartApplication.Web\dist\out-tsc\app\filtetemplate\shared.module.js
C:\CartBackend4.6.0\CartApplication.Web\dist\out-tsc\app\filtetemplate\shared.module.js.map
C:\CartBackend4.6.0\CartApplication.Web\dist\out-tsc\app\confirmModal\confirmModal-Service.js
C:\CartBackend4.6.0\CartApplication.Web\dist\out-tsc\app\confirmModal\confirmModal-Service.js.map
C:\CartBackend4.6.0\CartApplication.Web\dist\out-tsc\app\confirmModal\confirmModal-Component.js
C:\CartBackend4.6.0\CartApplication.Web\dist\out-tsc\app\confirmModal\confirmModal-Component.js.map
C:\CartBackend4.6.0\CartApplication.Web\dist\out-tsc\app\confirmModal\confirmModal-Module.js
C:\CartBackend4.6.0\CartApplication.Web\dist\out-tsc\app\confirmModal\confirmModal-Module.js.map
C:\CartBackend4.6.0\CartApplication.Web\dist\out-tsc\app\app.module.js
C:\CartBackend4.6.0\CartApplication.Web\dist\out-tsc\app\app.module.js.map
C:\CartBackend4.6.0\CartApplication.Web\dist\out-tsc\environments\environment.js
C:\CartBackend4.6.0\CartApplication.Web\dist\out-tsc\environments\environment.js.map
C:\CartBackend4.6.0\CartApplication.Web\dist\out-tsc\main.js
C:\CartBackend4.6.0\CartApplication.Web\dist\out-tsc\main.js.map
C:\CartBackend4.6.0\CartApplication.Web\dist\out-tsc\polyfills.js
C:\CartBackend4.6.0\CartApplication.Web\dist\out-tsc\polyfills.js.map
C:\CartBackend4.6.0\CartApplication.Web\dist\out-tsc\test.js
C:\CartBackend4.6.0\CartApplication.Web\dist\out-tsc\test.js.map
C:\CartBackend4.6.0\CartApplication.Web\dist\out-tsc\app\app.component.spec.js
C:\CartBackend4.6.0\CartApplication.Web\dist\out-tsc\app\app.component.spec.js.map
C:\CartBackend4.6.0\CartApplication.Web\dist\out-tsc\app\addtocart\addtocart.component.spec.js
C:\CartBackend4.6.0\CartApplication.Web\dist\out-tsc\app\addtocart\addtocart.component.spec.js.map
C:\CartBackend4.6.0\CartApplication.Web\dist\out-tsc\app\carousel\carousel.component.spec.js
C:\CartBackend4.6.0\CartApplication.Web\dist\out-tsc\app\carousel\carousel.component.spec.js.map
C:\CartBackend4.6.0\CartApplication.Web\dist\out-tsc\app\faviorite\faviorite.component.spec.js
C:\CartBackend4.6.0\CartApplication.Web\dist\out-tsc\app\faviorite\faviorite.component.spec.js.map
C:\CartBackend4.6.0\CartApplication.Web\dist\out-tsc\app\filtetemplate\filtetemplate.component.spec.js
C:\CartBackend4.6.0\CartApplication.Web\dist\out-tsc\app\filtetemplate\filtetemplate.component.spec.js.map
C:\CartBackend4.6.0\CartApplication.Web\dist\out-tsc\app\header\header.component.spec.js
C:\CartBackend4.6.0\CartApplication.Web\dist\out-tsc\app\header\header.component.spec.js.map
C:\CartBackend4.6.0\CartApplication.Web\dist\out-tsc\app\order\order.component.spec.js
C:\CartBackend4.6.0\CartApplication.Web\dist\out-tsc\app\order\order.component.spec.js.map
C:\CartBackend4.6.0\CartApplication.Web\dist\out-tsc\app\shoesmodule\shoes\shoes.component.js
C:\CartBackend4.6.0\CartApplication.Web\dist\out-tsc\app\shoesmodule\shoes\shoes.component.js.map
C:\CartBackend4.6.0\CartApplication.Web\dist\out-tsc\app\shoesmodule\shoesmodule.module.js
C:\CartBackend4.6.0\CartApplication.Web\dist\out-tsc\app\shoesmodule\shoesmodule.module.js.map
C:\CartBackend4.6.0\CartApplication.Web\dist\out-tsc\environments\environment.prod.js
C:\CartBackend4.6.0\CartApplication.Web\dist\out-tsc\environments\environment.prod.js.map
